<?xml version="1.0" encoding="UTF-8"?>
<!-- Generated by org.testng.reporters.JUnitReportReporter -->
<testsuite hostname="DESKTOP-OT8BPVR" failures="0" tests="1" name="Guru_Runner.Guru_TestRunner" time="54.387" errors="0" timestamp="5 Nov 2023 12:21:30 GMT">
  <testcase classname="Guru_Runner.Guru_TestRunner" name="runScenario" time="54.387"/>
</testsuite> <!-- Guru_Runner.Guru_TestRunner -->
