<?xml version="1.0" encoding="UTF-8"?>
<!-- Generated by org.testng.reporters.JUnitReportReporter -->
<testsuite hostname="DESKTOP-OT8BPVR" failures="0" tests="3" name="MakeMyTrip_Package.MakeMyTrip_Class" time="77.574" errors="0" timestamp="10 Nov 2023 08:45:16 GMT">
  <testcase classname="MakeMyTrip_Package.MakeMyTrip_Class" name="select_package" time="47.471"/>
  <testcase classname="MakeMyTrip_Package.MakeMyTrip_Class" name="package_search" time="24.738"/>
  <testcase classname="MakeMyTrip_Package.MakeMyTrip_Class" name="Holiday_pack" time="5.365"/>
</testsuite> <!-- MakeMyTrip_Package.MakeMyTrip_Class -->
