<?xml version="1.0" encoding="UTF-8"?>
<!-- Generated by org.testng.reporters.JUnitReportReporter -->
<testsuite hostname="DESKTOP-OT8BPVR" failures="0" tests="3" name="mauto.mclas" time="47.029" errors="0" timestamp="9 Nov 2023 04:41:34 GMT">
  <testcase classname="mauto.mclas" name="pack" time="26.421"/>
  <testcase classname="mauto.mclas" name="searchFlight" time="14.964"/>
  <testcase classname="mauto.mclas" name="search" time="5.644"/>
</testsuite> <!-- mauto.mclas -->
