<?xml version="1.0" encoding="UTF-8"?>
<!-- Generated by org.testng.reporters.JUnitReportReporter -->
<testsuite hostname="DESKTOP-OT8BPVR" failures="0" tests="1" name="Selenium.OrangeHRM" time="10.295" errors="0" timestamp="2 Nov 2023 11:16:03 GMT">
  <testcase classname="Selenium.OrangeHRM" name="table" time="10.295"/>
</testsuite> <!-- Selenium.OrangeHRM -->
