<?xml version="1.0" encoding="UTF-8"?>
<!-- Generated by org.testng.reporters.JUnitReportReporter -->
<testsuite hostname="DESKTOP-OT8BPVR" failures="0" tests="1" name="Selenium.browserhandling" time="0.014" errors="0" timestamp="2 Nov 2023 10:37:13 GMT">
  <testcase classname="Selenium.browserhandling" name="tc" time="0.014"/>
</testsuite> <!-- Selenium.browserhandling -->
