<?xml version="1.0" encoding="UTF-8"?>
<!-- Generated by org.testng.reporters.JUnitReportReporter -->
<testsuite hostname="DESKTOP-OT8BPVR" failures="0" tests="1" name="Selenium.windowHandling" time="8.823" errors="0" timestamp="6 Nov 2023 06:40:04 GMT">
  <testcase classname="Selenium.windowHandling" name="wh" time="8.823"/>
</testsuite> <!-- Selenium.windowHandling -->
