<?xml version="1.0" encoding="UTF-8"?>
<!-- Generated by org.testng.reporters.JUnitReportReporter -->
<testsuite hostname="DESKTOP-OT8BPVR" failures="0" tests="1" name="Selenium.OrangeHRM" time="8.111" errors="0" timestamp="30 Oct 2023 15:37:29 GMT">
  <testcase classname="Selenium.OrangeHRM" name="table" time="8.111"/>
</testsuite> <!-- Selenium.OrangeHRM -->
