<?xml version="1.0" encoding="UTF-8"?>
<!-- Generated by org.testng.reporters.JUnitReportReporter -->
<testsuite hostname="DESKTOP-OT8BPVR" failures="0" tests="1" name="Selenium.datadriven" time="7.898" errors="0" timestamp="2 Nov 2023 08:18:46 GMT">
  <testcase classname="Selenium.datadriven" name="dd" time="7.898"/>
</testsuite> <!-- Selenium.datadriven -->
