<?xml version="1.0" encoding="UTF-8"?>
<!-- Generated by org.testng.reporters.JUnitReportReporter -->
<testsuite hostname="DESKTOP-OT8BPVR" failures="0" tests="1" name="Selenium.sample3" time="1.107" errors="0" timestamp="27 Oct 2023 11:00:19 GMT">
  <testcase classname="Selenium.sample3" name="act" time="1.107"/>
</testsuite> <!-- Selenium.sample3 -->
