<?xml version="1.0" encoding="UTF-8"?>
<!-- Generated by org.testng.reporters.JUnitReportReporter -->
<testsuite hostname="DESKTOP-OT8BPVR" failures="0" tests="2" name="Selenium.sample2" time="22.739" errors="0" timestamp="30 Oct 2023 08:43:45 GMT">
  <testcase classname="Selenium.sample2" name="login" time="21.994"/>
  <testcase classname="Selenium.sample2" name="printAllLinks" time="0.745"/>
</testsuite> <!-- Selenium.sample2 -->
