<?xml version="1.0" encoding="UTF-8"?>
<!-- Generated by org.testng.reporters.JUnitReportReporter -->
<testsuite hostname="DESKTOP-OT8BPVR" failures="0" tests="2" name="Selenium.groups" time="0.018" errors="0" timestamp="7 Nov 2023 06:39:13 GMT">
  <testcase classname="Selenium.groups" name="tc1" time="0.014"/>
  <testcase classname="Selenium.groups" name="tc3" time="0.004"/>
</testsuite> <!-- Selenium.groups -->
