<?xml version="1.0" encoding="UTF-8"?>
<!-- Generated by org.testng.reporters.JUnitReportReporter -->
<testsuite hostname="DESKTOP-OT8BPVR" failures="0" tests="2" name="Selenium.sample5" time="6.043" errors="0" timestamp="30 Oct 2023 08:45:56 GMT">
  <testcase classname="Selenium.sample5" name="login" time="4.985"/>
  <testcase classname="Selenium.sample5" name="printAllLinks" time="1.058"/>
</testsuite> <!-- Selenium.sample5 -->
