<?xml version="1.0" encoding="UTF-8"?>
<!-- Generated by org.testng.reporters.JUnitReportReporter -->
<testsuite hostname="DESKTOP-OT8BPVR" failures="0" tests="1" name="Selenium.sample" time="0.117" errors="0" timestamp="27 Oct 2023 05:55:32 GMT">
  <testcase classname="Selenium.sample" name="tc1" time="0.117"/>
</testsuite> <!-- Selenium.sample -->
