<?xml version="1.0" encoding="UTF-8"?>
<!-- Generated by org.testng.reporters.JUnitReportReporter -->
<testsuite hostname="DESKTOP-OT8BPVR" failures="0" tests="2" name="Selenium.method" time="0.029" errors="0" timestamp="2 Nov 2023 06:38:49 GMT">
  <testcase classname="Selenium.method" name="tc2" time="0.005"/>
  <testcase classname="Selenium.method" name="tc" time="0.024"/>
</testsuite> <!-- Selenium.method -->
