<?xml version="1.0" encoding="UTF-8"?>
<!-- Generated by org.testng.reporters.JUnitReportReporter -->
<testsuite hostname="DESKTOP-OT8BPVR" failures="0" tests="2" name="Selenium.delete" time="8.229" errors="0" timestamp="30 Oct 2023 16:11:02 GMT">
  <testcase classname="Selenium.delete" name="del" time="2.900"/>
  <testcase classname="Selenium.delete" name="login" time="5.329"/>
</testsuite> <!-- Selenium.delete -->
