<?xml version="1.0" encoding="UTF-8"?>
<!-- Generated by org.testng.reporters.JUnitReportReporter -->
<testsuite hostname="DESKTOP-OT8BPVR" failures="0" tests="1" name="Guru_Runner.Guru_TestRunner" time="27.478" errors="0" timestamp="5 Nov 2023 07:31:38 GMT">
  <testcase classname="Guru_Runner.Guru_TestRunner" name="runScenario" time="27.478"/>
</testsuite> <!-- Guru_Runner.Guru_TestRunner -->
