<?xml version="1.0" encoding="UTF-8"?>
<!-- Generated by org.testng.reporters.JUnitReportReporter -->
<testsuite hostname="DESKTOP-OT8BPVR" failures="0" tests="1" name="Runner.Test_Runner" time="22.442" errors="0" timestamp="3 Nov 2023 07:18:22 GMT">
  <testcase classname="Runner.Test_Runner" name="runScenario" time="22.442"/>
</testsuite> <!-- Runner.Test_Runner -->
